Quiz Length Audit
=================
Mathematical Reasoning | math_geometry_tool_demo | 0 -> 12 questions (file: backend/data/quizzes/math/math_geometry_tool_demo.js)
Mathematical Reasoning | math_graphing_tool_demo | 0 -> 12 questions (file: backend/data/quizzes/math/math_graphing_tool_demo.js)
Reasoning Through Language Arts (RLA) | rla_evidence_03 | 11 -> 12 questions (file: backend/data/quizzes/rla/rla_evidence_03.js)
Reasoning Through Language Arts (RLA) | rla_evidence_04 | 9 -> 12 questions (file: backend/data/quizzes/rla/rla_evidence_04.js)
Reasoning Through Language Arts (RLA) | rla_evidence_06 | 6 -> 12 questions (file: backend/data/quizzes/rla/rla_evidence_06.js)
Reasoning Through Language Arts (RLA) | rla_evidence_07 | 4 -> 12 questions (file: backend/data/quizzes/rla/rla_evidence_07.js)
Reasoning Through Language Arts (RLA) | rla_evidence_08 | 3 -> 12 questions (file: backend/data/quizzes/rla/rla_evidence_08.js)
Reasoning Through Language Arts (RLA) | rla_evidence_09 | 3 -> 12 questions (file: backend/data/quizzes/rla/rla_evidence_09.js)
Reasoning Through Language Arts (RLA) | rla_evidence_10 | 3 -> 12 questions (file: backend/data/quizzes/rla/rla_evidence_10.js)
Reasoning Through Language Arts (RLA) | rla_grammar_05 | 9 -> 12 questions (file: backend/data/quizzes/rla/rla_grammar_05.js)
Reasoning Through Language Arts (RLA) | rla_grammar_06 | 6 -> 12 questions (file: backend/data/quizzes/rla/rla_grammar_06.js)
Reasoning Through Language Arts (RLA) | rla_grammar_07 | 3 -> 12 questions (file: backend/data/quizzes/rla/rla_grammar_07.js)
Reasoning Through Language Arts (RLA) | rla_grammar_09 | 3 -> 12 questions (file: backend/data/quizzes/rla/rla_grammar_09.js)
Reasoning Through Language Arts (RLA) | rla_grammar_10 | 3 -> 12 questions (file: backend/data/quizzes/rla/rla_grammar_10.js)
Reasoning Through Language Arts (RLA) | rla_inference_05 | 9 -> 12 questions (file: backend/data/quizzes/rla/rla_inference_05.js)
Reasoning Through Language Arts (RLA) | rla_inference_06 | 6 -> 12 questions (file: backend/data/quizzes/rla/rla_inference_06.js)
Reasoning Through Language Arts (RLA) | rla_inference_07 | 6 -> 12 questions (file: backend/data/quizzes/rla/rla_inference_07.js)
Reasoning Through Language Arts (RLA) | rla_inference_08 | 3 -> 12 questions (file: backend/data/quizzes/rla/rla_inference_08.js)
Reasoning Through Language Arts (RLA) | rla_inference_09 | 3 -> 12 questions (file: backend/data/quizzes/rla/rla_inference_09.js)
Reasoning Through Language Arts (RLA) | rla_inference_10 | 3 -> 12 questions (file: backend/data/quizzes/rla/rla_inference_10.js)
Reasoning Through Language Arts (RLA) | rla_main_idea_03 | 11 -> 12 questions (file: backend/data/quizzes/rla/rla_main_idea_03.js)
Reasoning Through Language Arts (RLA) | rla_main_idea_04 | 9 -> 12 questions (file: backend/data/quizzes/rla/rla_main_idea_04.js)
Reasoning Through Language Arts (RLA) | rla_main_idea_05 | 6 -> 12 questions (file: backend/data/quizzes/rla/rla_main_idea_05.js)
Reasoning Through Language Arts (RLA) | rla_main_idea_06 | 6 -> 12 questions (file: backend/data/quizzes/rla/rla_main_idea_06.js)
Reasoning Through Language Arts (RLA) | rla_main_idea_07 | 4 -> 12 questions (file: backend/data/quizzes/rla/rla_main_idea_07.js)
Reasoning Through Language Arts (RLA) | rla_main_idea_08 | 3 -> 12 questions (file: backend/data/quizzes/rla/rla_main_idea_08.js)
Reasoning Through Language Arts (RLA) | rla_main_idea_09 | 3 -> 12 questions (file: backend/data/quizzes/rla/rla_main_idea_09.js)
Reasoning Through Language Arts (RLA) | rla_main_idea_10 | 3 -> 12 questions (file: backend/data/quizzes/rla/rla_main_idea_10.js)
Reasoning Through Language Arts (RLA) | rla_main_idea_11 | 3 -> 12 questions (file: backend/data/quizzes/rla/rla_main_idea_11.js)
Reasoning Through Language Arts (RLA) | rla_vocabulary_04 | 10 -> 12 questions (file: backend/data/quizzes/rla/rla_vocabulary_04.js)
Reasoning Through Language Arts (RLA) | rla_vocabulary_05 | 9 -> 12 questions (file: backend/data/quizzes/rla/rla_vocabulary_05.js)
Reasoning Through Language Arts (RLA) | rla_vocabulary_06 | 6 -> 12 questions (file: backend/data/quizzes/rla/rla_vocabulary_06.js)
Reasoning Through Language Arts (RLA) | rla_vocabulary_07 | 3 -> 12 questions (file: backend/data/quizzes/rla/rla_vocabulary_07.js)
Reasoning Through Language Arts (RLA) | rla_vocabulary_08 | 3 -> 12 questions (file: backend/data/quizzes/rla/rla_vocabulary_08.js)
Reasoning Through Language Arts (RLA) | rla_vocabulary_09 | 3 -> 12 questions (file: backend/data/quizzes/rla/rla_vocabulary_09.js)
Reasoning Through Language Arts (RLA) | rla_vocabulary_10 | 3 -> 12 questions (file: backend/data/quizzes/rla/rla_vocabulary_10.js)

Reapplied on 2025-11-03: Verified RLA quizzes restored to 12-question sets after revert.
